<?xml version="1.0" encoding="UTF-8"?>
<!-- Generated by org.testng.reporters.JUnitReportReporter -->
<testsuite hostname="DESKTOP-9PA8N0S" failures="0" tests="2" name="Runner_Files.Landing_Welcome_page_Runner" time="44.232" errors="0" timestamp="2021-04-08T11:00:35 IST" skipped="0">
  <testcase classname="Runner_Files.Landing_Welcome_page_Runner" name="runScenario" time="22.356"/>
  <system-out/>
  <testcase classname="Runner_Files.Landing_Welcome_page_Runner" name="runScenario" time="21.876"/>
  <system-out/>
</testsuite> <!-- Runner_Files.Landing_Welcome_page_Runner -->
