<?xml version="1.0" encoding="UTF-8"?>
<!-- Generated by org.testng.reporters.JUnitReportReporter -->
<testsuite hostname="DESKTOP-9PA8N0S" failures="0" tests="2" name="Runner_Files.Land_Wel_page_Runner" time="36.988" errors="0" timestamp="2021-04-08T11:16:43 IST" skipped="0">
  <testcase classname="Runner_Files.Land_Wel_page_Runner" name="runScenario" time="17.009"/>
  <system-out/>
  <testcase classname="Runner_Files.Land_Wel_page_Runner" name="runScenario" time="19.979"/>
  <system-out/>
</testsuite> <!-- Runner_Files.Land_Wel_page_Runner -->
