<?xml version="1.0" encoding="UTF-8"?>
<!-- Generated by org.testng.reporters.JUnitReportReporter -->
<testsuite hostname="DESKTOP-9PA8N0S" failures="0" tests="3" name="Runner_Files.LWP_Runner" time="66.912" errors="0" timestamp="2021-04-08T09:01:41 IST" skipped="0">
  <testcase classname="Runner_Files.LWP_Runner" name="runScenario" time="15.517"/>
  <system-out/>
  <testcase classname="Runner_Files.LWP_Runner" name="runScenario" time="27.429"/>
  <system-out/>
  <testcase classname="Runner_Files.LWP_Runner" name="runScenario" time="23.966"/>
  <system-out/>
</testsuite> <!-- Runner_Files.LWP_Runner -->
