<?xml version="1.0" encoding="UTF-8"?>
<!-- Generated by org.testng.reporters.JUnitReportReporter -->
<testsuite hostname="DESKTOP-9PA8N0S" failures="0" tests="1" name="Runner_Files.Login_Runner" time="8.209" errors="0" timestamp="2021-04-08T00:25:41 IST" skipped="0">
  <testcase classname="Runner_Files.Login_Runner" name="runScenario" time="8.209"/>
  <system-out/>
</testsuite> <!-- Runner_Files.Login_Runner -->
